[0]:barrel---->16,30
[1]:barrel---->16,30
[2]:barrel---->16,30
[3]:barrel---->16,30
[4]:barrel---->16,30
[5]:barrel---->16,30
[6]:barrel---->16,30
[7]:barrel---->16,30
[8]:barrel---->16,30
[9]:barrel---->16,30
[10]:barrel---->16,30
[11]:barrel---->16,30
[12]:barrel---->16,30
[13]:barrel---->16,30
[14]:barrel---->16,30
[15]:barrel---->16,30
[16]:barrel---->16,30
[17]:barrel---->16,30
[18]:barrel---->16,30
[19]:barrel---->16,30
[20]:barrel---->16,30
[21]:barrel---->16,30
[22]:barrel---->16,30
[23]:barrel---->16,30
[24]:barrel---->16,30
[25]:barrel---->16,30
[26]:barrel---->16,30
[27]:barrel---->16,30
[28]:barrel---->16,30
[29]:barrel---->16,30
[30]:barrel---->16,30
[31]:barrel---->16,30
[32]:barrel---->16,30
[33]:barrel---->16,30
[34]:barrel---->16,30
[35]:barrel---->16,30
[36]:barrel---->16,30
[37]:barrel---->16,30
[38]:barrel---->16,30
[39]:barrel---->16,30
[40]:barrel---->16,30
[41]:barrel---->16,30
[42]:barrel---->16,30
[43]:barrel---->16,30
[44]:barrel---->16,30
[45]:barrel---->16,30
[46]:barrel---->16,30
[47]:barrel---->16,30
[48]:barrel---->16,30
[49]:barrel---->16,30
[50]:barrel---->16,30
[51]:barrel---->16,30
[52]:barrel---->16,30
[53]:barrel---->16,30
[54]:barrel---->16,30
[55]:barrel---->16,30
[56]:barrel---->16,30
[57]:barrel---->16,30
[58]:barrel---->16,30
[59]:barrel---->16,30
[60]:barrel---->16,30
[61]:barrel---->16,30
[62]:barrel---->16,30
[63]:barrel---->16,30
[64]:barrel---->16,30
[65]:barrel---->16,30
