116.304702758789062 39.962799072265625
116.304702758789062 39.962799072265625
116.304702758789062 39.962799072265625
116.304702758789062 39.962799072265625
116.304702758789062 39.962799072265625
116.304702758789062 39.962799072265625
116.304702758789062 39.962799072265625
116.304702758789062 39.962799072265625
116.304702758789062 39.962799072265625
116.304702758789062 39.962799072265625
116.304702758789062 39.962799072265625
116.304702758789062 39.962799072265625
116.304702758789062 39.962799072265625
116.304702758789062 39.962799072265625
116.304702758789062 39.962799072265625
116.304702758789062 39.962799072265625
116.304702758789062 39.962799072265625
116.304702758789062 39.962799072265625
116.304702758789062 39.962799072265625
116.304702758789062 39.962799072265625
116.304702758789062 39.962799072265625
116.304702758789062 39.962799072265625
116.304702758789062 39.962799072265625
116.304702758789062 39.962799072265625
116.304702758789062 39.962799072265625
116.304702758789062 39.962799072265625
116.304702758789062 39.962799072265625
116.304702758789062 39.962799072265625
116.304702758789062 39.962799072265625
116.304702758789062 39.962799072265625
116.304702758789062 39.962799072265625
116.304702758789062 39.962799072265625
116.304702758789062 39.962799072265625
116.304702758789062 39.962799072265625
116.304702758789062 39.962799072265625
116.304702758789062 39.962799072265625
116.304702758789062 39.962799072265625
116.304702758789062 39.962799072265625
116.304702758789062 39.962799072265625
116.304702758789062 39.962799072265625
116.304702758789062 39.962799072265625
116.304702758789062 39.962799072265625
116.304702758789062 39.962799072265625
116.304702758789062 39.962799072265625
116.304702758789062 39.962799072265625
116.304702758789062 39.962799072265625
116.304702758789062 39.962799072265625
116.304702758789062 39.962799072265625
116.304702758789062 39.962799072265625
116.304702758789062 39.962799072265625
116.304702758789062 39.962799072265625
116.304702758789062 39.962799072265625
116.304702758789062 39.962799072265625
116.304702758789062 39.962799072265625
116.304702758789062 39.962799072265625
116.304702758789062 39.962799072265625
116.304702758789062 39.962799072265625
116.304702758789062 39.962799072265625
116.304702758789062 39.962799072265625
116.304702758789062 39.962799072265625
116.304702758789062 39.962799072265625
116.304702758789062 39.962799072265625
116.304702758789062 39.962799072265625
116.304702758789062 39.962799072265625
116.304702758789062 39.962799072265625
116.304702758789062 39.962799072265625
116.304702758789062 39.962799072265625
116.304702758789062 39.962799072265625
116.304702758789062 39.962799072265625
116.304702758789062 39.962799072265625
116.304702758789062 39.962799072265625
116.304702758789062 39.962799072265625
116.304702758789062 39.962799072265625
116.304702758789062 39.962799072265625
116.304702758789062 39.962799072265625
116.304702758789062 39.962799072265625
116.304702758789062 39.962799072265625
116.304702758789062 39.962799072265625
116.304702758789062 39.962799072265625
116.304702758789062 39.962799072265625
116.304702758789062 39.962799072265625
116.304702758789062 39.962799072265625
116.304702758789062 39.962799072265625
116.304702758789062 39.962799072265625
116.304702758789062 39.962799072265625
116.304702758789062 39.962799072265625
116.304702758789062 39.962799072265625
116.304702758789062 39.962799072265625
116.304702758789062 39.962799072265625
116.304702758789062 39.962799072265625
116.304702758789062 39.962799072265625
116.304702758789062 39.962799072265625
116.304702758789062 39.962799072265625
116.304702758789062 39.962799072265625
116.304702758789062 39.962799072265625
116.304702758789062 39.962799072265625
116.304702758789062 39.962799072265625
116.304702758789062 39.962799072265625
116.304702758789062 39.962799072265625
116.304702758789062 39.962799072265625
116.304702758789062 39.962799072265625
116.304702758789062 39.962799072265625
116.304702758789062 39.962799072265625
116.304702758789062 39.962799072265625
116.304702758789062 39.962799072265625
116.304702758789062 39.962799072265625
116.304702758789062 39.962799072265625
116.304702758789062 39.962799072265625
116.304702758789062 39.962799072265625
116.304702758789062 39.962799072265625
116.304702758789062 39.962799072265625
116.304702758789062 39.962799072265625
116.304702758789062 39.962799072265625
116.304702758789062 39.962799072265625
116.304702758789062 39.962799072265625
116.304702758789062 39.962799072265625
116.304702758789062 39.962799072265625
116.304702758789062 39.962799072265625
116.304702758789062 39.962799072265625
116.304740905761719 39.962772369384766
116.304740905761719 39.962772369384766
116.304740905761719 39.962772369384766
116.304740905761719 39.962772369384766
116.304740905761719 39.962772369384766
116.304740905761719 39.962772369384766
116.304740905761719 39.962772369384766
116.304740905761719 39.962772369384766
116.304740905761719 39.962772369384766
116.304740905761719 39.962772369384766
116.304740905761719 39.962772369384766
116.304740905761719 39.962772369384766
116.304740905761719 39.962772369384766
116.304740905761719 39.962772369384766
116.304740905761719 39.962772369384766
116.304740905761719 39.962772369384766
116.304740905761719 39.962772369384766
116.304740905761719 39.962772369384766
116.304740905761719 39.962772369384766
116.304740905761719 39.962772369384766
116.304740905761719 39.962772369384766
116.304740905761719 39.962772369384766
116.304740905761719 39.962772369384766
