[0]:crocodile---->116.304801940917969,39.962715148925781
[1]:crocodile---->116.304885864257812,39.962661743164062
[2]:crocodile---->116.304885864257812,39.962661743164062
[3]:crocodile---->116.305023193359375,39.962669372558594
[4]:crocodile---->116.305030822753906,39.962669372558594
[5]:crocodile---->116.305000305175781,39.962711334228516
[6]:crocodile---->116.305000305175781,39.962711334228516
[7]:crocodile---->116.304885864257812,39.962753295898438
[8]:crocodile---->116.304908752441406,39.962772369384766
[9]:crocodile---->116.304908752441406,39.962772369384766
[9]:crocodile---->116.304908752441406,39.962772369384766
[10]:crocodile---->116.304908752441406,39.962772369384766
[11]:crocodile---->116.304908752441406,39.962772369384766
[12]:crocodile---->116.304908752441406,39.962772369384766
[13]:crocodile---->116.304908752441406,39.962772369384766
[14]:crocodile---->116.304908752441406,39.962772369384766
[15]:crocodile---->116.304908752441406,39.962772369384766
[16]:crocodile---->116.304939270019531,39.962833404541016
[17]:crocodile---->116.304939270019531,39.962833404541016
[18]:barrel---->116.304939270019531,39.962833404541016
[18]:crocodile---->116.304939270019531,39.962833404541016
[19]:barrel---->116.304939270019531,39.962833404541016
[20]:barrel---->116.304939270019531,39.962833404541016
[20]:crocodile---->116.304939270019531,39.962833404541016
[20]:crocodile---->116.304939270019531,39.962833404541016
[21]:barrel---->116.304939270019531,39.962833404541016
[21]:crocodile---->116.304939270019531,39.962833404541016
[21]:crocodile---->116.304939270019531,39.962833404541016
[21]:crocodile---->116.304939270019531,39.962833404541016
[22]:barrel---->116.304939270019531,39.962833404541016
[22]:crocodile---->116.304939270019531,39.962833404541016
[22]:crocodile---->116.304939270019531,39.962833404541016
[23]:barrel---->116.304939270019531,39.962833404541016
[23]:crocodile---->116.304939270019531,39.962833404541016
[23]:crocodile---->116.304939270019531,39.962833404541016
[23]:crocodile---->116.304939270019531,39.962833404541016
[24]:barrel---->116.304939270019531,39.962833404541016
[24]:crocodile---->116.304939270019531,39.962833404541016
[24]:crocodile---->116.304939270019531,39.962833404541016
[25]:barrel---->116.304939270019531,39.962833404541016
[25]:crocodile---->116.304939270019531,39.962833404541016
[25]:crocodile---->116.304939270019531,39.962833404541016
[25]:crocodile---->116.304939270019531,39.962833404541016
[25]:crocodile---->116.304939270019531,39.962833404541016
[25]:crocodile---->116.304939270019531,39.962833404541016
[26]:barrel---->116.304939270019531,39.962833404541016
[26]:crocodile---->116.304939270019531,39.962833404541016
[26]:crocodile---->116.304939270019531,39.962833404541016
[26]:crocodile---->116.304939270019531,39.962833404541016
[26]:crocodile---->116.304939270019531,39.962833404541016
[27]:barrel---->116.304939270019531,39.962833404541016
[27]:crocodile---->116.304939270019531,39.962833404541016
[27]:crocodile---->116.304939270019531,39.962833404541016
[27]:crocodile---->116.304939270019531,39.962833404541016
[27]:crocodile---->116.304939270019531,39.962833404541016
[27]:crocodile---->116.304939270019531,39.962833404541016
[28]:crocodile---->116.304939270019531,39.962833404541016
[28]:crocodile---->116.304939270019531,39.962833404541016
[28]:crocodile---->116.304939270019531,39.962833404541016
[28]:crocodile---->116.304939270019531,39.962833404541016
[28]:crocodile---->116.304939270019531,39.962833404541016
[28]:crocodile---->116.304939270019531,39.962833404541016
[28]:crocodile---->116.304939270019531,39.962833404541016
[28]:crocodile---->116.304939270019531,39.962833404541016
[29]:crocodile---->116.304939270019531,39.962833404541016
[29]:crocodile---->116.304939270019531,39.962833404541016
[29]:crocodile---->116.304939270019531,39.962833404541016
[29]:crocodile---->116.304939270019531,39.962833404541016
[29]:crocodile---->116.304939270019531,39.962833404541016
[29]:crocodile---->116.304939270019531,39.962833404541016
[29]:crocodile---->116.304939270019531,39.962833404541016
[30]:crocodile---->116.304939270019531,39.962833404541016
[30]:crocodile---->116.304939270019531,39.962833404541016
[30]:crocodile---->116.304939270019531,39.962833404541016
[30]:crocodile---->116.304939270019531,39.962833404541016
[30]:crocodile---->116.304939270019531,39.962833404541016
[30]:crocodile---->116.304939270019531,39.962833404541016
[30]:crocodile---->116.304939270019531,39.962833404541016
[30]:crocodile---->116.304939270019531,39.962833404541016
[31]:crocodile---->116.304939270019531,39.962833404541016
[31]:crocodile---->116.304939270019531,39.962833404541016
[31]:crocodile---->116.304939270019531,39.962833404541016
[31]:crocodile---->116.304939270019531,39.962833404541016
[31]:crocodile---->116.304939270019531,39.962833404541016
[31]:crocodile---->116.304939270019531,39.962833404541016
[31]:crocodile---->116.304939270019531,39.962833404541016
[31]:crocodile---->116.304939270019531,39.962833404541016
[31]:crocodile---->116.304939270019531,39.962833404541016
[31]:crocodile---->116.304939270019531,39.962833404541016
[31]:crocodile---->116.304939270019531,39.962833404541016
[32]:crocodile---->116.304939270019531,39.962833404541016
[32]:crocodile---->116.304939270019531,39.962833404541016
[32]:crocodile---->116.304939270019531,39.962833404541016
[32]:crocodile---->116.304939270019531,39.962833404541016
[32]:crocodile---->116.304939270019531,39.962833404541016
[32]:crocodile---->116.304939270019531,39.962833404541016
[32]:crocodile---->116.304939270019531,39.962833404541016
[32]:crocodile---->116.304939270019531,39.962833404541016
[32]:crocodile---->116.304939270019531,39.962833404541016
[32]:crocodile---->116.304939270019531,39.962833404541016
[33]:crocodile---->116.304939270019531,39.962833404541016
[33]:crocodile---->116.304939270019531,39.962833404541016
[33]:crocodile---->116.304939270019531,39.962833404541016
[33]:crocodile---->116.304939270019531,39.962833404541016
[33]:crocodile---->116.304939270019531,39.962833404541016
[33]:crocodile---->116.304939270019531,39.962833404541016
[33]:crocodile---->116.304939270019531,39.962833404541016
[33]:crocodile---->116.304939270019531,39.962833404541016
[33]:crocodile---->116.304939270019531,39.962833404541016
[33]:crocodile---->116.304939270019531,39.962833404541016
[33]:crocodile---->116.304939270019531,39.962833404541016
[34]:crocodile---->116.304939270019531,39.962833404541016
[34]:crocodile---->116.304939270019531,39.962833404541016
[34]:crocodile---->116.304939270019531,39.962833404541016
[34]:crocodile---->116.304939270019531,39.962833404541016
[34]:crocodile---->116.304939270019531,39.962833404541016
[34]:crocodile---->116.304939270019531,39.962833404541016
[34]:crocodile---->116.304939270019531,39.962833404541016
[34]:crocodile---->116.304939270019531,39.962833404541016
[34]:crocodile---->116.304939270019531,39.962833404541016
[35]:crocodile---->116.304939270019531,39.962833404541016
[35]:crocodile---->116.304939270019531,39.962833404541016
[35]:crocodile---->116.304939270019531,39.962833404541016
[35]:crocodile---->116.304939270019531,39.962833404541016
[35]:crocodile---->116.304939270019531,39.962833404541016
[35]:crocodile---->116.304939270019531,39.962833404541016
[35]:crocodile---->116.304939270019531,39.962833404541016
[35]:crocodile---->116.304939270019531,39.962833404541016
[35]:crocodile---->116.304939270019531,39.962833404541016
[35]:crocodile---->116.304939270019531,39.962833404541016
[36]:crocodile---->116.304939270019531,39.962833404541016
[36]:crocodile---->116.304939270019531,39.962833404541016
[36]:crocodile---->116.304939270019531,39.962833404541016
[36]:crocodile---->116.304939270019531,39.962833404541016
[36]:crocodile---->116.304939270019531,39.962833404541016
[36]:crocodile---->116.304939270019531,39.962833404541016
[36]:crocodile---->116.304939270019531,39.962833404541016
[36]:crocodile---->116.304939270019531,39.962833404541016
[36]:crocodile---->116.304939270019531,39.962833404541016
[36]:crocodile---->116.304939270019531,39.962833404541016
[36]:crocodile---->116.304939270019531,39.962833404541016
[36]:crocodile---->116.304939270019531,39.962833404541016
[37]:crocodile---->116.304939270019531,39.962833404541016
[37]:crocodile---->116.304939270019531,39.962833404541016
[37]:crocodile---->116.304939270019531,39.962833404541016
[37]:crocodile---->116.304939270019531,39.962833404541016
[37]:crocodile---->116.304939270019531,39.962833404541016
[37]:crocodile---->116.304939270019531,39.962833404541016
[37]:crocodile---->116.304939270019531,39.962833404541016
[37]:crocodile---->116.304939270019531,39.962833404541016
[37]:crocodile---->116.304939270019531,39.962833404541016
[37]:crocodile---->116.304939270019531,39.962833404541016
[38]:crocodile---->116.304939270019531,39.962833404541016
[38]:crocodile---->116.304939270019531,39.962833404541016
[38]:crocodile---->116.304939270019531,39.962833404541016
[38]:crocodile---->116.304939270019531,39.962833404541016
[38]:crocodile---->116.304939270019531,39.962833404541016
[38]:crocodile---->116.304939270019531,39.962833404541016
[38]:crocodile---->116.304939270019531,39.962833404541016
[38]:crocodile---->116.304939270019531,39.962833404541016
[38]:crocodile---->116.304939270019531,39.962833404541016
[38]:crocodile---->116.304939270019531,39.962833404541016
[38]:crocodile---->116.304939270019531,39.962833404541016
[38]:crocodile---->116.304939270019531,39.962833404541016
[38]:crocodile---->116.304939270019531,39.962833404541016
[38]:crocodile---->116.304939270019531,39.962833404541016
[39]:crocodile---->116.304939270019531,39.962833404541016
[39]:crocodile---->116.304939270019531,39.962833404541016
[39]:crocodile---->116.304939270019531,39.962833404541016
[39]:crocodile---->116.304939270019531,39.962833404541016
[39]:crocodile---->116.304939270019531,39.962833404541016
[39]:crocodile---->116.304939270019531,39.962833404541016
[39]:crocodile---->116.304939270019531,39.962833404541016
[39]:crocodile---->116.304939270019531,39.962833404541016
[39]:crocodile---->116.304939270019531,39.962833404541016
[39]:crocodile---->116.304939270019531,39.962833404541016
[39]:crocodile---->116.304939270019531,39.962833404541016
[40]:crocodile---->116.304939270019531,39.962833404541016
[40]:crocodile---->116.304939270019531,39.962833404541016
[40]:crocodile---->116.304939270019531,39.962833404541016
[40]:crocodile---->116.304939270019531,39.962833404541016
[40]:crocodile---->116.304939270019531,39.962833404541016
[40]:crocodile---->116.304939270019531,39.962833404541016
[40]:crocodile---->116.304939270019531,39.962833404541016
[40]:crocodile---->116.304939270019531,39.962833404541016
[40]:crocodile---->116.304939270019531,39.962833404541016
[41]:crocodile---->116.304939270019531,39.962833404541016
[41]:crocodile---->116.304939270019531,39.962833404541016
[41]:crocodile---->116.304939270019531,39.962833404541016
[41]:crocodile---->116.304939270019531,39.962833404541016
[41]:crocodile---->116.304939270019531,39.962833404541016
[41]:crocodile---->116.304939270019531,39.962833404541016
[41]:crocodile---->116.304939270019531,39.962833404541016
[41]:crocodile---->116.304939270019531,39.962833404541016
[41]:crocodile---->116.304939270019531,39.962833404541016
[41]:crocodile---->116.304939270019531,39.962833404541016
[41]:crocodile---->116.304939270019531,39.962833404541016
[41]:crocodile---->116.304939270019531,39.962833404541016
[42]:crocodile---->116.304939270019531,39.962833404541016
[42]:crocodile---->116.304939270019531,39.962833404541016
[42]:crocodile---->116.304939270019531,39.962833404541016
[42]:crocodile---->116.304939270019531,39.962833404541016
[42]:crocodile---->116.304939270019531,39.962833404541016
[42]:crocodile---->116.304939270019531,39.962833404541016
[42]:crocodile---->116.304939270019531,39.962833404541016
[42]:crocodile---->116.304939270019531,39.962833404541016
[42]:crocodile---->116.304939270019531,39.962833404541016
[42]:crocodile---->116.304939270019531,39.962833404541016
[42]:crocodile---->116.304939270019531,39.962833404541016
[43]:crocodile---->116.304939270019531,39.962833404541016
[43]:crocodile---->116.304939270019531,39.962833404541016
[43]:crocodile---->116.304939270019531,39.962833404541016
[43]:crocodile---->116.304939270019531,39.962833404541016
[43]:crocodile---->116.304939270019531,39.962833404541016
[43]:crocodile---->116.304939270019531,39.962833404541016
[43]:crocodile---->116.304939270019531,39.962833404541016
[43]:crocodile---->116.304939270019531,39.962833404541016
[43]:crocodile---->116.304939270019531,39.962833404541016
[43]:crocodile---->116.304939270019531,39.962833404541016
[44]:crocodile---->116.304939270019531,39.962833404541016
[44]:crocodile---->116.304939270019531,39.962833404541016
[44]:crocodile---->116.304939270019531,39.962833404541016
[44]:crocodile---->116.304939270019531,39.962833404541016
[44]:crocodile---->116.304939270019531,39.962833404541016
[44]:crocodile---->116.304939270019531,39.962833404541016
[44]:crocodile---->116.304939270019531,39.962833404541016
[44]:crocodile---->116.304939270019531,39.962833404541016
[44]:crocodile---->116.304939270019531,39.962833404541016
[44]:crocodile---->116.304939270019531,39.962833404541016
[44]:crocodile---->116.304939270019531,39.962833404541016
[44]:crocodile---->116.304939270019531,39.962833404541016
[44]:crocodile---->116.304939270019531,39.962833404541016
[45]:crocodile---->116.304939270019531,39.962833404541016
[45]:crocodile---->116.304939270019531,39.962833404541016
[45]:crocodile---->116.304939270019531,39.962833404541016
[45]:crocodile---->116.304939270019531,39.962833404541016
[45]:crocodile---->116.304939270019531,39.962833404541016
[45]:crocodile---->116.304939270019531,39.962833404541016
[45]:crocodile---->116.304939270019531,39.962833404541016
[45]:crocodile---->116.304939270019531,39.962833404541016
[45]:crocodile---->116.304939270019531,39.962833404541016
[45]:crocodile---->116.304939270019531,39.962833404541016
[45]:crocodile---->116.304939270019531,39.962833404541016
[45]:crocodile---->116.304939270019531,39.962833404541016
[45]:barrel---->116.304939270019531,39.962833404541016
[45]:crocodile---->116.304939270019531,39.962833404541016
[46]:crocodile---->116.304939270019531,39.962833404541016
[46]:crocodile---->116.304939270019531,39.962833404541016
[46]:crocodile---->116.304939270019531,39.962833404541016
[46]:crocodile---->116.304939270019531,39.962833404541016
[46]:crocodile---->116.304939270019531,39.962833404541016
[46]:crocodile---->116.304939270019531,39.962833404541016
[46]:crocodile---->116.304939270019531,39.962833404541016
[46]:crocodile---->116.304939270019531,39.962833404541016
[46]:crocodile---->116.304939270019531,39.962833404541016
[46]:crocodile---->116.304939270019531,39.962833404541016
[46]:crocodile---->116.304939270019531,39.962833404541016
[46]:barrel---->116.304939270019531,39.962833404541016
[46]:crocodile---->116.304939270019531,39.962833404541016
[47]:crocodile---->116.304939270019531,39.962833404541016
[47]:crocodile---->116.304939270019531,39.962833404541016
[47]:crocodile---->116.304939270019531,39.962833404541016
[47]:crocodile---->116.304939270019531,39.962833404541016
[47]:crocodile---->116.304939270019531,39.962833404541016
[47]:crocodile---->116.304939270019531,39.962833404541016
[47]:crocodile---->116.304939270019531,39.962833404541016
[47]:crocodile---->116.304939270019531,39.962833404541016
[47]:crocodile---->116.304939270019531,39.962833404541016
[47]:barrel---->116.304939270019531,39.962833404541016
[47]:crocodile---->116.304939270019531,39.962833404541016
[48]:crocodile---->116.304939270019531,39.962833404541016
[48]:crocodile---->116.304939270019531,39.962833404541016
[48]:crocodile---->116.304939270019531,39.962833404541016
[48]:crocodile---->116.304939270019531,39.962833404541016
[48]:crocodile---->116.304939270019531,39.962833404541016
[48]:crocodile---->116.304939270019531,39.962833404541016
[48]:crocodile---->116.304939270019531,39.962833404541016
[48]:crocodile---->116.304939270019531,39.962833404541016
[48]:crocodile---->116.304939270019531,39.962833404541016
[48]:barrel---->116.304939270019531,39.962833404541016
[49]:crocodile---->116.304939270019531,39.962833404541016
[49]:crocodile---->116.304939270019531,39.962833404541016
[49]:crocodile---->116.304939270019531,39.962833404541016
[49]:crocodile---->116.304939270019531,39.962833404541016
[49]:crocodile---->116.304939270019531,39.962833404541016
[49]:crocodile---->116.304939270019531,39.962833404541016
[49]:crocodile---->116.304939270019531,39.962833404541016
[49]:crocodile---->116.304939270019531,39.962833404541016
[49]:crocodile---->116.304939270019531,39.962833404541016
[49]:barrel---->116.304939270019531,39.962833404541016
[49]:crocodile---->116.304939270019531,39.962833404541016
[49]:crocodile---->116.304939270019531,39.962833404541016
[50]:crocodile---->116.304939270019531,39.962833404541016
[50]:crocodile---->116.304939270019531,39.962833404541016
[50]:crocodile---->116.304939270019531,39.962833404541016
[50]:crocodile---->116.304939270019531,39.962833404541016
[50]:crocodile---->116.304939270019531,39.962833404541016
[50]:crocodile---->116.304939270019531,39.962833404541016
[50]:crocodile---->116.304939270019531,39.962833404541016
[50]:crocodile---->116.304939270019531,39.962833404541016
[50]:barrel---->116.304939270019531,39.962833404541016
[50]:crocodile---->116.304939270019531,39.962833404541016
[50]:crocodile---->116.304939270019531,39.962833404541016
[51]:crocodile---->116.304939270019531,39.962833404541016
[51]:crocodile---->116.304939270019531,39.962833404541016
[51]:crocodile---->116.304939270019531,39.962833404541016
[51]:crocodile---->116.304939270019531,39.962833404541016
[51]:crocodile---->116.304939270019531,39.962833404541016
[51]:crocodile---->116.304939270019531,39.962833404541016
[51]:crocodile---->116.304939270019531,39.962833404541016
[51]:barrel---->116.304939270019531,39.962833404541016
[51]:crocodile---->116.304939270019531,39.962833404541016
[51]:crocodile---->116.304939270019531,39.962833404541016
[52]:crocodile---->116.304939270019531,39.962833404541016
[52]:crocodile---->116.304939270019531,39.962833404541016
[52]:crocodile---->116.304939270019531,39.962833404541016
[52]:crocodile---->116.304939270019531,39.962833404541016
[52]:crocodile---->116.304939270019531,39.962833404541016
[52]:crocodile---->116.304939270019531,39.962833404541016
[52]:crocodile---->116.304939270019531,39.962833404541016
[52]:barrel---->116.304939270019531,39.962833404541016
[52]:crocodile---->116.304939270019531,39.962833404541016
[52]:crocodile---->116.304939270019531,39.962833404541016
[52]:crocodile---->116.304939270019531,39.962833404541016
[53]:crocodile---->116.304939270019531,39.962833404541016
[53]:crocodile---->116.304939270019531,39.962833404541016
[53]:crocodile---->116.304939270019531,39.962833404541016
[53]:crocodile---->116.304939270019531,39.962833404541016
[53]:crocodile---->116.304939270019531,39.962833404541016
[53]:crocodile---->116.304939270019531,39.962833404541016
[53]:barrel---->116.304939270019531,39.962833404541016
[53]:crocodile---->116.304939270019531,39.962833404541016
[54]:crocodile---->116.304939270019531,39.962833404541016
[54]:crocodile---->116.304939270019531,39.962833404541016
[54]:crocodile---->116.304939270019531,39.962833404541016
[54]:crocodile---->116.304939270019531,39.962833404541016
[54]:crocodile---->116.304939270019531,39.962833404541016
[54]:barrel---->116.304939270019531,39.962833404541016
[54]:crocodile---->116.304939270019531,39.962833404541016
[54]:crocodile---->116.304939270019531,39.962833404541016
[54]:crocodile---->116.304939270019531,39.962833404541016
[55]:crocodile---->116.304939270019531,39.962833404541016
[55]:crocodile---->116.304939270019531,39.962833404541016
[55]:crocodile---->116.304939270019531,39.962833404541016
[55]:crocodile---->116.304939270019531,39.962833404541016
[55]:crocodile---->116.304939270019531,39.962833404541016
[55]:barrel---->116.304939270019531,39.962833404541016
[55]:crocodile---->116.304939270019531,39.962833404541016
[56]:crocodile---->116.304939270019531,39.962833404541016
[56]:crocodile---->116.304939270019531,39.962833404541016
[56]:barrel---->116.304939270019531,39.962833404541016
[56]:crocodile---->116.304939270019531,39.962833404541016
[56]:crocodile---->116.304939270019531,39.962833404541016
[56]:crocodile---->116.304939270019531,39.962833404541016
[57]:crocodile---->116.304939270019531,39.962833404541016
[57]:crocodile---->116.304939270019531,39.962833404541016
[57]:barrel---->116.304939270019531,39.962833404541016
[57]:crocodile---->116.304939270019531,39.962833404541016
[57]:crocodile---->116.304939270019531,39.962833404541016
[57]:crocodile---->116.304939270019531,39.962833404541016
[57]:crocodile---->116.304939270019531,39.962833404541016
[58]:crocodile---->116.304939270019531,39.962833404541016
[58]:crocodile---->116.304939270019531,39.962833404541016
[58]:barrel---->116.304939270019531,39.962833404541016
[58]:crocodile---->116.304939270019531,39.962833404541016
[58]:crocodile---->116.304939270019531,39.962833404541016
[58]:crocodile---->116.304939270019531,39.962833404541016
[59]:crocodile---->116.304870605468750,39.962829589843750
[59]:barrel---->116.304870605468750,39.962829589843750
[59]:crocodile---->116.304870605468750,39.962829589843750
[59]:crocodile---->116.304862976074219,39.962829589843750
[59]:crocodile---->116.304862976074219,39.962829589843750
[60]:crocodile---->116.304870605468750,39.962829589843750
[60]:barrel---->116.304870605468750,39.962829589843750
[60]:crocodile---->116.304870605468750,39.962829589843750
[61]:crocodile---->116.304870605468750,39.962829589843750
[61]:barrel---->116.304870605468750,39.962829589843750
[61]:crocodile---->116.304862976074219,39.962829589843750
[61]:crocodile---->116.304862976074219,39.962829589843750
[61]:crocodile---->116.304862976074219,39.962829589843750
[62]:crocodile---->116.304870605468750,39.962829589843750
[62]:barrel---->116.304870605468750,39.962829589843750
[62]:crocodile---->116.304862976074219,39.962829589843750
[62]:crocodile---->116.304862976074219,39.962829589843750
[63]:barrel---->116.304870605468750,39.962829589843750
[63]:crocodile---->116.304862976074219,39.962829589843750
[63]:crocodile---->116.304862976074219,39.962829589843750
[64]:barrel---->116.304870605468750,39.962829589843750
[64]:crocodile---->116.304862976074219,39.962829589843750
[64]:crocodile---->116.304862976074219,39.962829589843750
[64]:crocodile---->116.304862976074219,39.962829589843750
[65]:barrel---->116.304870605468750,39.962829589843750
[65]:crocodile---->116.304862976074219,39.962829589843750
[65]:crocodile---->116.304862976074219,39.962829589843750
[65]:crocodile---->116.304862976074219,39.962829589843750
[65]:crocodile---->116.304862976074219,39.962829589843750
[66]:barrel---->116.304870605468750,39.962829589843750
[66]:crocodile---->116.304862976074219,39.962829589843750
[66]:crocodile---->116.304862976074219,39.962829589843750
[66]:crocodile---->116.304862976074219,39.962829589843750
[66]:crocodile---->116.304862976074219,39.962829589843750
[66]:crocodile---->116.304862976074219,39.962829589843750
[67]:barrel---->116.304870605468750,39.962829589843750
[67]:crocodile---->116.304862976074219,39.962829589843750
[67]:crocodile---->116.304862976074219,39.962829589843750
[67]:crocodile---->116.304862976074219,39.962829589843750
[67]:crocodile---->116.304862976074219,39.962829589843750
[68]:barrel---->116.304870605468750,39.962829589843750
[68]:crocodile---->116.304862976074219,39.962829589843750
[68]:crocodile---->116.304862976074219,39.962829589843750
[68]:crocodile---->116.304862976074219,39.962829589843750
[68]:crocodile---->116.304862976074219,39.962829589843750
[68]:crocodile---->116.304862976074219,39.962829589843750
[69]:barrel---->116.304870605468750,39.962829589843750
[69]:crocodile---->116.304862976074219,39.962829589843750
[69]:crocodile---->116.304862976074219,39.962829589843750
[70]:barrel---->116.304870605468750,39.962829589843750
[70]:crocodile---->116.304862976074219,39.962829589843750
[70]:crocodile---->116.304862976074219,39.962829589843750
[70]:crocodile---->116.304862976074219,39.962829589843750
[71]:barrel---->116.304870605468750,39.962829589843750
[71]:crocodile---->116.304862976074219,39.962829589843750
[71]:crocodile---->116.304862976074219,39.962829589843750
[72]:barrel---->116.304862976074219,39.962829589843750
[73]:crocodile---->116.304862976074219,39.962829589843750
[73]:barrel---->116.304862976074219,39.962829589843750
[73]:crocodile---->116.304862976074219,39.962829589843750
[74]:crocodile---->116.304862976074219,39.962829589843750
[74]:crocodile---->116.304862976074219,39.962829589843750
